time="2022-11-05T13:14:52+05:00" level=fatal msg="Cannot load config, due to error: open ./config/.env: no such file or directory" func="main.main()" file="main.go:17"
time="2022-11-05T13:15:17+05:00" level=info msg="Starting gateway server on port: 8080" func="main.main()" file="main.go:22"
time="2022-11-05T13:15:17+05:00" level=info msg="Starting grpc server on port: 9090" func="main.main()" file="main.go:25"
time="2022-11-05T13:16:22+05:00" level=info msg="Starting gateway server on port: 8080" func="main.main()" file="main.go:22"
time="2022-11-05T13:16:22+05:00" level=info msg="Starting grpc server on port: 9090" func="main.main()" file="main.go:25"
time="2022-11-05T13:17:27+05:00" level=info msg="Starting gateway server on port: 8080" func="main.main()" file="main.go:22"
time="2022-11-05T13:17:27+05:00" level=info msg="Starting grpc server on port: 9090" func="main.main()" file="main.go:25"
time="2022-11-05T13:17:40+05:00" level=info msg="Starting gateway server on port: 8080" func="main.main()" file="main.go:22"
time="2022-11-05T13:17:40+05:00" level=info msg="Starting grpc server on port: 9090" func="main.main()" file="main.go:25"
time="2022-11-05T13:19:39+05:00" level=info msg="Starting gateway server on port: 8080" func="main.main()" file="main.go:22"
time="2022-11-05T13:19:39+05:00" level=info msg="Starting grpc server on port: 9090" func="main.main()" file="main.go:25"
time="2022-11-05T13:20:28+05:00" level=info msg="Starting gateway server on port: 8080" func="main.main()" file="main.go:22"
time="2022-11-05T13:20:28+05:00" level=info msg="Starting grpc server on port: 9090" func="main.main()" file="main.go:25"
time="2022-11-05T13:25:37+05:00" level=info msg="Starting gateway server on port: 8080" func="main.main()" file="main.go:22"
time="2022-11-05T13:25:37+05:00" level=info msg="Starting grpc server on port: 9090" func="main.main()" file="main.go:25"
time="2022-11-05T13:25:51+05:00" level=info msg="Starting gateway server on port: 8080" func="main.main()" file="main.go:22"
time="2022-11-05T13:25:51+05:00" level=info msg="Starting grpc server on port: 9090" func="main.main()" file="main.go:25"
time="2022-11-05T14:01:20+05:00" level=info msg="Starting gateway server on port: 8080" func="main.main()" file="main.go:28"
time="2022-11-05T14:01:20+05:00" level=info msg="Starting grpc server on port: 9090" func="main.main()" file="main.go:31"
time="2022-11-05T14:06:15+05:00" level=info msg="Starting gateway server on port: 8080" func="main.main()" file="main.go:28"
time="2022-11-05T14:06:15+05:00" level=info msg="Starting grpc server on port: 9090" func="main.main()" file="main.go:31"
time="2022-11-05T14:57:20+05:00" level=info msg="Starting gateway server on port: 8080" func="main.main()" file="main.go:29"
time="2022-11-05T14:57:20+05:00" level=info msg="Starting grpc server on port: 9090" func="main.main()" file="main.go:32"
time="2022-11-05T15:02:48+05:00" level=info msg="Starting gateway server on port: 8080" func="main.main()" file="main.go:29"
time="2022-11-05T15:02:48+05:00" level=info msg="Starting grpc server on port: 9090" func="main.main()" file="main.go:32"
time="2022-11-05T15:06:58+05:00" level=info msg="Starting gateway server on port: 8080" func="main.main()" file="main.go:29"
time="2022-11-05T15:06:58+05:00" level=info msg="Starting grpc server on port: 9090" func="main.main()" file="main.go:32"
time="2022-11-05T15:33:36+05:00" level=info msg="Starting gateway server on port: 8080" func="main.main()" file="main.go:29"
time="2022-11-05T15:33:36+05:00" level=info msg="Starting grpc server on port: 9090" func="main.main()" file="main.go:32"
time="2022-11-05T15:36:20+05:00" level=info msg="Starting gateway server on port: 8080" func="main.main()" file="main.go:29"
time="2022-11-05T15:36:20+05:00" level=info msg="Starting grpc server on port: 9090" func="main.main()" file="main.go:32"
time="2022-11-05T15:52:56+05:00" level=info msg="Starting gateway server on port: 8080" func="main.main()" file="main.go:29"
time="2022-11-05T15:52:56+05:00" level=info msg="Starting grpc server on port: 9090" func="main.main()" file="main.go:32"
time="2022-11-05T15:56:08+05:00" level=info msg="Starting gateway server on port: 8080" func="main.main()" file="main.go:27"
time="2022-11-05T15:56:08+05:00" level=info msg="Starting grpc server on port: 9090" func="main.main()" file="main.go:30"
time="2022-11-05T17:04:42+05:00" level=info msg="Starting gateway server on port: 8080" func="main.main()" file="main.go:27"
time="2022-11-05T17:04:42+05:00" level=info msg="Starting grpc server on port: 9090" func="main.main()" file="main.go:30"
time="2022-11-05T17:20:41+05:00" level=info msg="Starting gateway server on port: 8080" func="main.main()" file="main.go:27"
time="2022-11-05T17:20:41+05:00" level=info msg="Starting grpc server on port: 9090" func="main.main()" file="main.go:30"
time="2022-11-05T17:29:27+05:00" level=info msg="Starting gateway server on port: 8080" func="main.main()" file="main.go:27"
time="2022-11-05T17:29:27+05:00" level=info msg="Starting grpc server on port: 9090" func="main.main()" file="main.go:30"
time="2022-11-05T17:29:47+05:00" level=info msg="Starting gateway server on port: 8080" func="main.main()" file="main.go:27"
time="2022-11-05T17:29:47+05:00" level=info msg="Starting grpc server on port: 9090" func="main.main()" file="main.go:30"
time="2022-11-05T17:38:51+05:00" level=info msg="Starting gateway server on port: 8080" func="main.main()" file="main.go:27"
time="2022-11-05T17:38:51+05:00" level=info msg="Starting grpc server on port: 9090" func="main.main()" file="main.go:30"
time="2022-11-05T17:50:51+05:00" level=info msg="Starting gateway server on port: 8080" func="main.main()" file="main.go:27"
time="2022-11-05T17:50:51+05:00" level=info msg="Starting grpc server on port: 9090" func="main.main()" file="main.go:30"
time="2022-11-05T17:51:29+05:00" level=info msg="Starting gateway server on port: 8080" func="main.main()" file="main.go:27"
time="2022-11-05T17:51:29+05:00" level=info msg="Starting grpc server on port: 9090" func="main.main()" file="main.go:30"
time="2022-11-05T17:52:19+05:00" level=info msg="Starting gateway server on port: 8080" func="main.main()" file="main.go:27"
time="2022-11-05T17:52:19+05:00" level=info msg="Starting grpc server on port: 9090" func="main.main()" file="main.go:30"
time="2022-11-05T17:53:24+05:00" level=info msg="Starting gateway server on port: 8080" func="main.main()" file="main.go:27"
time="2022-11-05T17:53:24+05:00" level=info msg="Starting grpc server on port: 9090" func="main.main()" file="main.go:30"
time="2022-11-05T18:15:00+05:00" level=info msg="Starting gateway server on port: 8080" func="main.main()" file="main.go:26"
time="2022-11-05T18:15:00+05:00" level=info msg="Starting grpc server on port: 9090" func="main.main()" file="main.go:29"
time="2022-11-05T18:30:50+05:00" level=info msg="Starting gateway server on port: 8080" func="main.main()" file="main.go:28"
time="2022-11-05T18:30:50+05:00" level=info msg="Starting grpc server on port: 9090" func="main.main()" file="main.go:31"
time="2022-11-05T18:32:38+05:00" level=info msg="Starting gateway server on port: 8080" func="main.main()" file="main.go:28"
time="2022-11-05T18:32:38+05:00" level=info msg="Starting grpc server on port: 9090" func="main.main()" file="main.go:31"
time="2022-11-05T18:33:38+05:00" level=info msg="Starting gateway server on port: 8080" func="main.main()" file="main.go:28"
time="2022-11-05T18:33:38+05:00" level=info msg="Starting grpc server on port: 9090" func="main.main()" file="main.go:31"
time="2022-11-05T18:34:57+05:00" level=info msg="Starting gateway server on port: 8080" func="main.main()" file="main.go:28"
time="2022-11-05T18:34:57+05:00" level=info msg="Starting grpc server on port: 9090" func="main.main()" file="main.go:31"
time="2022-11-05T18:35:36+05:00" level=info msg="Starting gateway server on port: 8080" func="main.main()" file="main.go:28"
time="2022-11-05T18:35:36+05:00" level=info msg="Starting grpc server on port: 9090" func="main.main()" file="main.go:31"
time="2022-11-05T18:38:38+05:00" level=info msg="Starting gateway server on port: 8080" func="main.main()" file="main.go:28"
time="2022-11-05T18:38:38+05:00" level=info msg="Starting grpc server on port: 9090" func="main.main()" file="main.go:31"
time="2022-11-05T18:38:54+05:00" level=info msg="Starting gateway server on port: 8080" func="main.main()" file="main.go:28"
time="2022-11-05T18:38:54+05:00" level=info msg="Starting grpc server on port: 9090" func="main.main()" file="main.go:31"
time="2022-11-05T18:44:58+05:00" level=info msg="Starting gateway server on port: 8080" func="main.main()" file="main.go:28"
time="2022-11-05T18:44:58+05:00" level=info msg="Starting grpc server on port: 9090" func="main.main()" file="main.go:31"
time="2022-11-05T18:46:23+05:00" level=info msg="Starting gateway server on port: 8080" func="main.main()" file="main.go:28"
time="2022-11-05T18:46:23+05:00" level=info msg="Starting grpc server on port: 9090" func="main.main()" file="main.go:31"
time="2022-11-05T18:46:47+05:00" level=info msg="Starting gateway server on port: 8080" func="main.main()" file="main.go:28"
time="2022-11-05T18:46:47+05:00" level=info msg="Starting grpc server on port: 9090" func="main.main()" file="main.go:31"
time="2022-11-05T18:51:06+05:00" level=info msg="Starting gateway server on port: 8080" func="main.main()" file="main.go:28"
time="2022-11-05T18:51:06+05:00" level=info msg="Starting grpc server on port: 9090" func="main.main()" file="main.go:31"
time="2022-11-05T19:16:24+05:00" level=info msg="Starting gateway server on port: 8080" func="main.main()" file="main.go:28"
time="2022-11-05T19:16:24+05:00" level=info msg="Starting grpc server on port: 9090" func="main.main()" file="main.go:31"
time="2022-11-05T19:17:06+05:00" level=info msg="Starting gateway server on port: 8080" func="main.main()" file="main.go:28"
time="2022-11-05T19:17:06+05:00" level=info msg="Starting grpc server on port: 9090" func="main.main()" file="main.go:31"
time="2022-11-05T19:18:46+05:00" level=info msg="Starting gateway server on port: 8080" func="main.main()" file="main.go:28"
time="2022-11-05T19:18:46+05:00" level=info msg="Starting grpc server on port: 9090" func="main.main()" file="main.go:31"
time="2022-11-05T19:19:51+05:00" level=info msg="Starting gateway server on port: 8080" func="main.main()" file="main.go:28"
time="2022-11-05T19:19:51+05:00" level=info msg="Starting grpc server on port: 9090" func="main.main()" file="main.go:31"
time="2022-11-05T19:22:39+05:00" level=info msg="Starting gateway server on port: 8080" func="main.main()" file="main.go:28"
time="2022-11-05T19:22:39+05:00" level=info msg="Starting grpc server on port: 9090" func="main.main()" file="main.go:31"
time="2022-11-05T19:26:42+05:00" level=info msg="Starting gateway server on port: 8080" func="main.main()" file="main.go:28"
time="2022-11-05T19:26:42+05:00" level=info msg="Starting grpc server on port: 9090" func="main.main()" file="main.go:31"
time="2022-11-05T19:27:45+05:00" level=info msg="Starting gateway server on port: 8080" func="main.main()" file="main.go:28"
time="2022-11-05T19:27:45+05:00" level=info msg="Starting grpc server on port: 9090" func="main.main()" file="main.go:31"
time="2022-11-05T22:16:09+05:00" level=fatal msg="Cannot connect to redis, due to error: dial tcp: address 6379: missing port in address" func="main.main()" file="main.go:35"
time="2022-11-05T22:16:37+05:00" level=info msg="Starting gateway server on port: 8080" func="main.main()" file="main.go:44"
time="2022-11-05T22:16:37+05:00" level=info msg="Starting grpc server on port: 9090" func="main.main()" file="main.go:47"
time="2022-11-05T22:17:20+05:00" level=info msg="Connecting to redis on port:6379" func="main.main()" file="main.go:26"
time="2022-11-05T22:17:20+05:00" level=info msg="Starting gateway server on port: 8080" func="main.main()" file="main.go:45"
time="2022-11-05T22:17:20+05:00" level=info msg="Starting grpc server on port: 9090" func="main.main()" file="main.go:48"
time="2022-11-05T22:27:08+05:00" level=info msg="Connecting to redis on port:6379" func="main.main()" file="main.go:26"
time="2022-11-05T22:27:08+05:00" level=info msg="Starting gateway server on port: 8080" func="main.main()" file="main.go:45"
time="2022-11-05T22:27:08+05:00" level=info msg="Starting grpc server on port: 9090" func="main.main()" file="main.go:48"
time="2022-11-05T22:27:08+05:00" level=fatal msg="Error due start the grpc server: listen tcp :9090: bind: address already in use" func="main.main()" file="main.go:50"
time="2022-11-05T22:27:14+05:00" level=info msg="Connecting to redis on port:6379" func="main.main()" file="main.go:26"
time="2022-11-05T22:27:15+05:00" level=info msg="Starting gateway server on port: 8080" func="main.main()" file="main.go:45"
time="2022-11-05T22:27:15+05:00" level=info msg="Starting grpc server on port: 9090" func="main.main()" file="main.go:48"
time="2022-11-05T22:27:57+05:00" level=info msg="Connecting to redis on port:6379" func="main.main()" file="main.go:26"
time="2022-11-05T22:27:57+05:00" level=info msg="Starting gateway server on port: 8080" func="main.main()" file="main.go:45"
time="2022-11-05T22:27:57+05:00" level=info msg="Starting grpc server on port: 9090" func="main.main()" file="main.go:48"
time="2022-11-05T22:28:38+05:00" level=info msg="Connecting to redis on port:6379" func="main.main()" file="main.go:26"
time="2022-11-05T22:28:38+05:00" level=info msg="Starting gateway server on port: 8080" func="main.main()" file="main.go:45"
time="2022-11-05T22:28:38+05:00" level=info msg="Starting grpc server on port: 9090" func="main.main()" file="main.go:48"
time="2022-11-05T22:30:30+05:00" level=info msg="Connecting to redis on port:6379" func="main.main()" file="main.go:26"
time="2022-11-05T22:30:30+05:00" level=info msg="Starting gateway server on port: 8080" func="main.main()" file="main.go:45"
time="2022-11-05T22:30:30+05:00" level=info msg="Starting grpc server on port: 9090" func="main.main()" file="main.go:48"
time="2022-11-05T22:31:02+05:00" level=info msg="Connecting to redis on port:6379" func="main.main()" file="main.go:26"
time="2022-11-05T22:31:02+05:00" level=info msg="Starting gateway server on port: 8080" func="main.main()" file="main.go:45"
time="2022-11-05T22:31:02+05:00" level=info msg="Starting grpc server on port: 9090" func="main.main()" file="main.go:48"
time="2022-11-05T22:31:26+05:00" level=info msg="Connecting to redis on port:6379" func="main.main()" file="main.go:26"
time="2022-11-05T22:31:26+05:00" level=info msg="Starting gateway server on port: 8080" func="main.main()" file="main.go:45"
time="2022-11-05T22:31:26+05:00" level=info msg="Starting grpc server on port: 9090" func="main.main()" file="main.go:48"
time="2022-11-05T22:36:37+05:00" level=info msg="Connecting to redis on port:6379" func="main.main()" file="main.go:26"
time="2022-11-05T22:36:37+05:00" level=info msg="Starting gateway server on port: 8080" func="main.main()" file="main.go:45"
time="2022-11-05T22:36:37+05:00" level=info msg="Starting grpc server on port: 9090" func="main.main()" file="main.go:48"
time="2022-11-05T22:40:35+05:00" level=info msg="Connecting to redis on port:6379" func="main.main()" file="main.go:26"
time="2022-11-05T22:40:35+05:00" level=info msg="Starting gateway server on port: 8080" func="main.main()" file="main.go:45"
time="2022-11-05T22:40:35+05:00" level=info msg="Starting grpc server on port: 9090" func="main.main()" file="main.go:48"
time="2022-11-05T22:44:10+05:00" level=info msg="Connecting to redis on port:6379" func="main.main()" file="main.go:26"
time="2022-11-05T22:44:10+05:00" level=info msg="Starting gateway server on port: 8080" func="main.main()" file="main.go:45"
time="2022-11-05T22:44:10+05:00" level=info msg="Starting grpc server on port: 9090" func="main.main()" file="main.go:48"
time="2022-11-05T22:47:05+05:00" level=info msg="Connecting to redis on port:6379" func="main.main()" file="main.go:26"
time="2022-11-05T22:47:06+05:00" level=info msg="Starting gateway server on port: 8080" func="main.main()" file="main.go:45"
time="2022-11-05T22:47:06+05:00" level=info msg="Starting grpc server on port: 9090" func="main.main()" file="main.go:48"
time="2022-11-05T22:50:19+05:00" level=info msg="Connecting to redis on port:6379" func="main.main()" file="main.go:26"
time="2022-11-05T22:50:19+05:00" level=info msg="Starting gateway server on port: 8080" func="main.main()" file="main.go:45"
time="2022-11-05T22:50:19+05:00" level=info msg="Starting grpc server on port: 9090" func="main.main()" file="main.go:48"
